<?xml version="1.0" encoding="UTF-8"?>
<!-- Generated by org.testng.reporters.JUnitXMLReporter -->
<testsuite ignored="1" hostname="LAPTOP-JPHJL68R" failures="0" tests="1" name="Default test" time="1.483" errors="0" timestamp="17 июл. 2022 17:19:58 GMT">
  <testcase classname="tests.PutPatchDeleteExamples" name="testPatch" time="1.462"/>
  <testcase classname="tests.PutPatchDeleteExamples" name="testPut" time="0.0">
    <ignored/>
  </testcase> <!-- testPut -->
</testsuite> <!-- Default test -->
