<?xml version="1.0" encoding="UTF-8"?>
<!-- Generated by org.testng.reporters.JUnitXMLReporter -->
<testsuite ignored="0" hostname="LAPTOP-JPHJL68R" failures="0" tests="7" name="Default test" time="3.264" errors="0" timestamp="17 июл. 2022 17:24:59 GMT">
  <testcase classname="tests.PutPatchDeleteExamples" name="testDelete" time="1.34"/>
  <testcase classname="tests.PutPatchDeleteExamples" name="testPatch" time="0.283"/>
  <testcase classname="tests.PutPatchDeleteExamples" name="testPut" time="0.249"/>
  <testcase classname="tests.GetAndPostExample" name="testGet" time="0.586"/>
  <testcase classname="tests.GetAndPostExample" name="testPost" time="0.239"/>
  <testcase classname="tests.TestsExamples" name="test1" time="0.111"/>
  <testcase classname="tests.TestsExamples" name="test_2" time="0.429"/>
</testsuite> <!-- Default test -->
