<?xml version="1.0" encoding="UTF-8"?>
<testng-results ignored="1" total="2" passed="1" failed="0" skipped="0">
  <reporter-output>
  </reporter-output>
  <suite started-at="2022-07-17T17:03:12Z" name="Default suite" finished-at="2022-07-17T17:03:14Z" duration-ms="1446">
    <groups>
    </groups>
    <test started-at="2022-07-17T17:03:12Z" name="Default test" finished-at="2022-07-17T17:03:14Z" duration-ms="1446">
      <class name="tests.GetAndPostExample">
        <test-method signature="testPost()[pri:0, instance:tests.GetAndPostExample@11bb571c]" started-at="2022-07-17T17:03:13Z" name="testPost" finished-at="2022-07-17T17:03:14Z" duration-ms="1426" status="PASS">
          <reporter-output>
          </reporter-output>
        </test-method> <!-- testPost -->
      </class> <!-- tests.GetAndPostExample -->
    </test> <!-- Default test -->
  </suite> <!-- Default suite -->
</testng-results>
